[debug] [2017-06-08T10:15:43.001Z] ----------------------------------------------------------------------
[debug] [2017-06-08T10:15:43.004Z] Command:      C:\Program Files\nodejs\node.exe C:\Users\Vivian\AppData\Roaming\npm\node_modules\firebase-tools\bin\firebase init
[debug] [2017-06-08T10:15:43.005Z] CLI Version:  3.9.1
[debug] [2017-06-08T10:15:43.005Z] Platform:     win32
[debug] [2017-06-08T10:15:43.005Z] Node Version: v6.11.0
[debug] [2017-06-08T10:15:43.005Z] Time:         Thu Jun 08 2017 12:15:43 GMT+0200 (W. Europe Daylight Time)
[debug] [2017-06-08T10:15:43.005Z] ----------------------------------------------------------------------
[debug] 
[debug] [2017-06-08T10:15:43.015Z] > command requires scopes: ["email","openid","https://www.googleapis.com/auth/cloudplatformprojects.readonly","https://www.googleapis.com/auth/firebase"]
[debug] [2017-06-08T10:15:43.016Z] > authorizing via signed-in user
[info] 
     ######## #### ########  ######## ########     ###     ######  ########
     ##        ##  ##     ## ##       ##     ##  ##   ##  ##       ##
     ######    ##  ########  ######   ########  #########  ######  ######
     ##        ##  ##    ##  ##       ##     ## ##     ##       ## ##
     ##       #### ##     ## ######## ########  ##     ##  ######  ########

You're about to initialize a Firebase project in this directory:

  C:\Users\Vivian\Documents\Bachelor KI jaar 3\Scriptie

[info] 
=== Project Setup
[info] 
[info] First, let's associate this project directory with a Firebase project.
[info] You can create multiple project aliases by running firebase use --add, 
[info] but for now we'll just set up a default project.
[info] 
[debug] [2017-06-08T10:15:57.668Z] > refreshing access token with scopes: ["email","https://www.googleapis.com/auth/cloudplatformprojects.readonly","https://www.googleapis.com/auth/firebase","openid"]
[debug] [2017-06-08T10:15:57.669Z] >>> HTTP REQUEST POST https://www.googleapis.com/oauth2/v3/token { refresh_token: '1/YiYFOn4kwObpWPsDfZMMErGAfYHz6SUP_Rf1_OXMMto',
  client_id: '563584335869-fgrhgmd47bqnekij5i8b5pr03ho849e6.apps.googleusercontent.com',
  client_secret: 'j9iVZfS8kkCEFUPaAeJV0sAi',
  grant_type: 'refresh_token',
  scope: 'email https://www.googleapis.com/auth/cloudplatformprojects.readonly https://www.googleapis.com/auth/firebase openid' } 
 Thu Jun 08 2017 12:15:57 GMT+0200 (W. Europe Daylight Time)
[debug] [2017-06-08T10:15:57.790Z] <<< HTTP RESPONSE 200
[debug] [2017-06-08T10:15:57.797Z] >>> HTTP REQUEST GET https://admin.firebase.com/v1/projects  
 Thu Jun 08 2017 12:15:57 GMT+0200 (W. Europe Daylight Time)
[debug] [2017-06-08T10:15:58.594Z] <<< HTTP RESPONSE 200
[info] 
=== Hosting Setup
[info] 
[info] Your public directory is the folder (relative to your project directory) that
[info] will contain Hosting assets to be uploaded with firebase deploy. If you
[info] have a build process for your assets, use your build's output directory.
[info] 
